[0.420s] Invoking command in '/home/laura/Escritorio/g02_prii3_workspace/g02_prii3_sprint1/g02_prii3_workspace-master/src/g02_prii3_turtlesim': PYTHONPATH=/home/laura/Escritorio/g02_prii3_workspace/g02_prii3_sprint1/g02_prii3_workspace-master/build/g02_prii3_turtlesim/prefix_override:/usr/lib/python3/dist-packages/colcon_core/task/python/colcon_distutils_commands:/home/laura/Escritorio/g02_prii3_workspace/g02_prii3_sprint1/g02_prii3_workspace-master/install/g02_prii3_turtlesim/lib/python3.8/site-packages:${PYTHONPATH} /usr/bin/python3 -W ignore:setup.py install is deprecated -W ignore:easy_install command is deprecated setup.py egg_info --egg-base ../../build/g02_prii3_turtlesim build --build-base /home/laura/Escritorio/g02_prii3_workspace/g02_prii3_sprint1/g02_prii3_workspace-master/build/g02_prii3_turtlesim/build install --record /home/laura/Escritorio/g02_prii3_workspace/g02_prii3_sprint1/g02_prii3_workspace-master/build/g02_prii3_turtlesim/install.log --install-scripts $base/lib/g02_prii3_turtlesim --single-version-externally-managed install_data
[0.570s] running egg_info
[0.570s] writing ../../build/g02_prii3_turtlesim/g02_prii3_turtlesim.egg-info/PKG-INFO
[0.571s] writing dependency_links to ../../build/g02_prii3_turtlesim/g02_prii3_turtlesim.egg-info/dependency_links.txt
[0.571s] writing entry points to ../../build/g02_prii3_turtlesim/g02_prii3_turtlesim.egg-info/entry_points.txt
[0.572s] writing requirements to ../../build/g02_prii3_turtlesim/g02_prii3_turtlesim.egg-info/requires.txt
[0.573s] writing top-level names to ../../build/g02_prii3_turtlesim/g02_prii3_turtlesim.egg-info/top_level.txt
[0.600s] reading manifest file '../../build/g02_prii3_turtlesim/g02_prii3_turtlesim.egg-info/SOURCES.txt'
[0.600s] writing manifest file '../../build/g02_prii3_turtlesim/g02_prii3_turtlesim.egg-info/SOURCES.txt'
[0.601s] running build
[0.601s] running build_py
[0.601s] copying g02_prii3_turtlesim/turtle_controller.py -> /home/laura/Escritorio/g02_prii3_workspace/g02_prii3_sprint1/g02_prii3_workspace-master/build/g02_prii3_turtlesim/build/lib/g02_prii3_turtlesim
[0.601s] running install
[0.601s] running install_lib
[0.602s] copying /home/laura/Escritorio/g02_prii3_workspace/g02_prii3_sprint1/g02_prii3_workspace-master/build/g02_prii3_turtlesim/build/lib/g02_prii3_turtlesim/turtle_controller.py -> /home/laura/Escritorio/g02_prii3_workspace/g02_prii3_sprint1/g02_prii3_workspace-master/install/g02_prii3_turtlesim/lib/python3.8/site-packages/g02_prii3_turtlesim
[0.603s] byte-compiling /home/laura/Escritorio/g02_prii3_workspace/g02_prii3_sprint1/g02_prii3_workspace-master/install/g02_prii3_turtlesim/lib/python3.8/site-packages/g02_prii3_turtlesim/turtle_controller.py to turtle_controller.cpython-38.pyc
[0.604s] running install_data
[0.604s] running install_egg_info
[0.606s] removing '/home/laura/Escritorio/g02_prii3_workspace/g02_prii3_sprint1/g02_prii3_workspace-master/install/g02_prii3_turtlesim/lib/python3.8/site-packages/g02_prii3_turtlesim-0.0.0-py3.8.egg-info' (and everything under it)
[0.606s] Copying ../../build/g02_prii3_turtlesim/g02_prii3_turtlesim.egg-info to /home/laura/Escritorio/g02_prii3_workspace/g02_prii3_sprint1/g02_prii3_workspace-master/install/g02_prii3_turtlesim/lib/python3.8/site-packages/g02_prii3_turtlesim-0.0.0-py3.8.egg-info
[0.606s] running install_scripts
[0.619s] Installing turtle_controller script to /home/laura/Escritorio/g02_prii3_workspace/g02_prii3_sprint1/g02_prii3_workspace-master/install/g02_prii3_turtlesim/lib/g02_prii3_turtlesim
[0.619s] writing list of installed files to '/home/laura/Escritorio/g02_prii3_workspace/g02_prii3_sprint1/g02_prii3_workspace-master/build/g02_prii3_turtlesim/install.log'
[0.635s] Invoked command in '/home/laura/Escritorio/g02_prii3_workspace/g02_prii3_sprint1/g02_prii3_workspace-master/src/g02_prii3_turtlesim' returned '0': PYTHONPATH=/home/laura/Escritorio/g02_prii3_workspace/g02_prii3_sprint1/g02_prii3_workspace-master/build/g02_prii3_turtlesim/prefix_override:/usr/lib/python3/dist-packages/colcon_core/task/python/colcon_distutils_commands:/home/laura/Escritorio/g02_prii3_workspace/g02_prii3_sprint1/g02_prii3_workspace-master/install/g02_prii3_turtlesim/lib/python3.8/site-packages:${PYTHONPATH} /usr/bin/python3 -W ignore:setup.py install is deprecated -W ignore:easy_install command is deprecated setup.py egg_info --egg-base ../../build/g02_prii3_turtlesim build --build-base /home/laura/Escritorio/g02_prii3_workspace/g02_prii3_sprint1/g02_prii3_workspace-master/build/g02_prii3_turtlesim/build install --record /home/laura/Escritorio/g02_prii3_workspace/g02_prii3_sprint1/g02_prii3_workspace-master/build/g02_prii3_turtlesim/install.log --install-scripts $base/lib/g02_prii3_turtlesim --single-version-externally-managed install_data
