[0.970s] DEBUG:colcon:Command line arguments: ['/usr/bin/colcon', 'build', '--packages-select', 'g02_prii3_turtlesim']
[0.970s] DEBUG:colcon:Parsed command line arguments: Namespace(allow_overriding=[], ament_cmake_args=None, base_paths=['.'], build_base='build', catkin_cmake_args=None, catkin_skip_building_tests=False, cmake_args=None, cmake_clean_cache=False, cmake_clean_first=False, cmake_force_configure=False, cmake_target=None, cmake_target_skip_unavailable=False, continue_on_error=False, event_handlers=None, executor='parallel', ignore_user_meta=False, install_base='install', log_base=None, log_level=None, main=<bound method BuildVerb.main of <colcon_core.verb.build.BuildVerb object at 0x7f0e29084100>>, merge_install=False, metas=['./colcon.meta'], mixin=None, mixin_files=None, mixin_verb=('build',), packages_above=None, packages_above_and_dependencies=None, packages_above_depth=None, packages_end=None, packages_ignore=None, packages_ignore_regex=None, packages_select=['g02_prii3_turtlesim'], packages_select_build_failed=False, packages_select_by_dep=None, packages_select_regex=None, packages_select_test_failures=False, packages_skip=None, packages_skip_build_finished=False, packages_skip_by_dep=None, packages_skip_regex=None, packages_skip_test_passed=False, packages_skip_up_to=None, packages_start=None, packages_up_to=None, packages_up_to_regex=None, parallel_workers=8, paths=None, symlink_install=False, test_result_base=None, verb_extension=<colcon_core.verb.build.BuildVerb object at 0x7f0e29084100>, verb_name='build', verb_parser=<colcon_mixin.mixin.mixin_argument.MixinArgumentDecorator object at 0x7f0e290846a0>)
[1.227s] Level 1:colcon.colcon_core.package_discovery:discover_packages(colcon_meta) check parameters
[1.228s] Level 1:colcon.colcon_core.package_discovery:discover_packages(recursive) check parameters
[1.228s] Level 1:colcon.colcon_core.package_discovery:discover_packages(ignore) check parameters
[1.228s] Level 1:colcon.colcon_core.package_discovery:discover_packages(path) check parameters
[1.228s] Level 1:colcon.colcon_core.package_discovery:discover_packages(colcon_meta) discover
[1.228s] Level 1:colcon.colcon_core.package_discovery:discover_packages(recursive) discover
[1.228s] INFO:colcon.colcon_core.package_discovery:Crawling recursively for packages in '/home/laura/Escritorio/g02_prii3_workspace/g02_prii3_sprint1/g02_prii3_workspace-master'
[1.228s] Level 1:colcon.colcon_core.package_identification:_identify(.) by extensions ['ignore', 'ignore_ament_install']
[1.229s] Level 1:colcon.colcon_core.package_identification:_identify(.) by extension 'ignore'
[1.229s] Level 1:colcon.colcon_core.package_identification:_identify(.) by extension 'ignore_ament_install'
[1.229s] Level 1:colcon.colcon_core.package_identification:_identify(.) by extensions ['colcon_pkg']
[1.229s] Level 1:colcon.colcon_core.package_identification:_identify(.) by extension 'colcon_pkg'
[1.229s] Level 1:colcon.colcon_core.package_identification:_identify(.) by extensions ['colcon_meta']
[1.229s] Level 1:colcon.colcon_core.package_identification:_identify(.) by extension 'colcon_meta'
[1.230s] Level 1:colcon.colcon_core.package_identification:_identify(.) by extensions ['ros']
[1.230s] Level 1:colcon.colcon_core.package_identification:_identify(.) by extension 'ros'
[1.272s] Level 1:colcon.colcon_core.package_identification:_identify(.) by extensions ['cmake', 'python']
[1.272s] Level 1:colcon.colcon_core.package_identification:_identify(.) by extension 'cmake'
[1.272s] Level 1:colcon.colcon_core.package_identification:_identify(.) by extension 'python'
[1.272s] Level 1:colcon.colcon_core.package_identification:_identify(.) by extensions ['python_setup_py']
[1.272s] Level 1:colcon.colcon_core.package_identification:_identify(.) by extension 'python_setup_py'
[1.272s] Level 1:colcon.colcon_core.package_identification:_identify(build) by extensions ['ignore', 'ignore_ament_install']
[1.272s] Level 1:colcon.colcon_core.package_identification:_identify(build) by extension 'ignore'
[1.273s] Level 1:colcon.colcon_core.package_identification:_identify(build) ignored
[1.273s] Level 1:colcon.colcon_core.package_identification:_identify(install) by extensions ['ignore', 'ignore_ament_install']
[1.273s] Level 1:colcon.colcon_core.package_identification:_identify(install) by extension 'ignore'
[1.273s] Level 1:colcon.colcon_core.package_identification:_identify(install) ignored
[1.273s] Level 1:colcon.colcon_core.package_identification:_identify(log) by extensions ['ignore', 'ignore_ament_install']
[1.273s] Level 1:colcon.colcon_core.package_identification:_identify(log) by extension 'ignore'
[1.273s] Level 1:colcon.colcon_core.package_identification:_identify(log) ignored
[1.274s] Level 1:colcon.colcon_core.package_identification:_identify(src) by extensions ['ignore', 'ignore_ament_install']
[1.274s] Level 1:colcon.colcon_core.package_identification:_identify(src) by extension 'ignore'
[1.274s] Level 1:colcon.colcon_core.package_identification:_identify(src) by extension 'ignore_ament_install'
[1.275s] Level 1:colcon.colcon_core.package_identification:_identify(src) by extensions ['colcon_pkg']
[1.275s] Level 1:colcon.colcon_core.package_identification:_identify(src) by extension 'colcon_pkg'
[1.275s] Level 1:colcon.colcon_core.package_identification:_identify(src) by extensions ['colcon_meta']
[1.275s] Level 1:colcon.colcon_core.package_identification:_identify(src) by extension 'colcon_meta'
[1.275s] Level 1:colcon.colcon_core.package_identification:_identify(src) by extensions ['ros']
[1.275s] Level 1:colcon.colcon_core.package_identification:_identify(src) by extension 'ros'
[1.275s] Level 1:colcon.colcon_core.package_identification:_identify(src) by extensions ['cmake', 'python']
[1.275s] Level 1:colcon.colcon_core.package_identification:_identify(src) by extension 'cmake'
[1.275s] Level 1:colcon.colcon_core.package_identification:_identify(src) by extension 'python'
[1.275s] Level 1:colcon.colcon_core.package_identification:_identify(src) by extensions ['python_setup_py']
[1.275s] Level 1:colcon.colcon_core.package_identification:_identify(src) by extension 'python_setup_py'
[1.276s] Level 1:colcon.colcon_core.package_identification:_identify(src/g02_prii3_turtlesim) by extensions ['ignore', 'ignore_ament_install']
[1.276s] Level 1:colcon.colcon_core.package_identification:_identify(src/g02_prii3_turtlesim) by extension 'ignore'
[1.276s] Level 1:colcon.colcon_core.package_identification:_identify(src/g02_prii3_turtlesim) by extension 'ignore_ament_install'
[1.276s] Level 1:colcon.colcon_core.package_identification:_identify(src/g02_prii3_turtlesim) by extensions ['colcon_pkg']
[1.276s] Level 1:colcon.colcon_core.package_identification:_identify(src/g02_prii3_turtlesim) by extension 'colcon_pkg'
[1.276s] Level 1:colcon.colcon_core.package_identification:_identify(src/g02_prii3_turtlesim) by extensions ['colcon_meta']
[1.276s] Level 1:colcon.colcon_core.package_identification:_identify(src/g02_prii3_turtlesim) by extension 'colcon_meta'
[1.276s] Level 1:colcon.colcon_core.package_identification:_identify(src/g02_prii3_turtlesim) by extensions ['ros']
[1.276s] Level 1:colcon.colcon_core.package_identification:_identify(src/g02_prii3_turtlesim) by extension 'ros'
[1.284s] DEBUG:colcon.colcon_core.package_identification:Package 'src/g02_prii3_turtlesim' with type 'ros.ament_python' and name 'g02_prii3_turtlesim'
[1.284s] Level 1:colcon.colcon_core.package_discovery:discover_packages(recursive) using defaults
[1.284s] Level 1:colcon.colcon_core.package_discovery:discover_packages(ignore) discover
[1.284s] Level 1:colcon.colcon_core.package_discovery:discover_packages(ignore) using defaults
[1.284s] Level 1:colcon.colcon_core.package_discovery:discover_packages(path) discover
[1.284s] Level 1:colcon.colcon_core.package_discovery:discover_packages(path) using defaults
[1.348s] Level 1:colcon.colcon_core.package_discovery:discover_packages(prefix_path) check parameters
[1.348s] Level 1:colcon.colcon_core.package_discovery:discover_packages(prefix_path) discover
[1.357s] DEBUG:colcon.colcon_installed_package_information.package_discovery:Found 199 installed packages in /opt/ros/foxy
[1.358s] Level 1:colcon.colcon_core.package_discovery:discover_packages(prefix_path) using defaults
[1.464s] Level 5:colcon.colcon_core.verb:set package 'g02_prii3_turtlesim' build argument 'cmake_args' from command line to 'None'
[1.464s] Level 5:colcon.colcon_core.verb:set package 'g02_prii3_turtlesim' build argument 'cmake_target' from command line to 'None'
[1.464s] Level 5:colcon.colcon_core.verb:set package 'g02_prii3_turtlesim' build argument 'cmake_target_skip_unavailable' from command line to 'False'
[1.464s] Level 5:colcon.colcon_core.verb:set package 'g02_prii3_turtlesim' build argument 'cmake_clean_cache' from command line to 'False'
[1.464s] Level 5:colcon.colcon_core.verb:set package 'g02_prii3_turtlesim' build argument 'cmake_clean_first' from command line to 'False'
[1.465s] Level 5:colcon.colcon_core.verb:set package 'g02_prii3_turtlesim' build argument 'cmake_force_configure' from command line to 'False'
[1.465s] Level 5:colcon.colcon_core.verb:set package 'g02_prii3_turtlesim' build argument 'ament_cmake_args' from command line to 'None'
[1.465s] Level 5:colcon.colcon_core.verb:set package 'g02_prii3_turtlesim' build argument 'catkin_cmake_args' from command line to 'None'
[1.465s] Level 5:colcon.colcon_core.verb:set package 'g02_prii3_turtlesim' build argument 'catkin_skip_building_tests' from command line to 'False'
[1.465s] DEBUG:colcon.colcon_core.verb:Building package 'g02_prii3_turtlesim' with the following arguments: {'ament_cmake_args': None, 'build_base': '/home/laura/Escritorio/g02_prii3_workspace/g02_prii3_sprint1/g02_prii3_workspace-master/build/g02_prii3_turtlesim', 'catkin_cmake_args': None, 'catkin_skip_building_tests': False, 'cmake_args': None, 'cmake_clean_cache': False, 'cmake_clean_first': False, 'cmake_force_configure': False, 'cmake_target': None, 'cmake_target_skip_unavailable': False, 'install_base': '/home/laura/Escritorio/g02_prii3_workspace/g02_prii3_sprint1/g02_prii3_workspace-master/install/g02_prii3_turtlesim', 'merge_install': False, 'path': '/home/laura/Escritorio/g02_prii3_workspace/g02_prii3_sprint1/g02_prii3_workspace-master/src/g02_prii3_turtlesim', 'symlink_install': False, 'test_result_base': None}
[1.465s] INFO:colcon.colcon_core.executor:Executing jobs using 'parallel' executor
[1.466s] DEBUG:colcon.colcon_parallel_executor.executor.parallel:run_until_complete
[1.466s] INFO:colcon.colcon_ros.task.ament_python.build:Building ROS package in '/home/laura/Escritorio/g02_prii3_workspace/g02_prii3_sprint1/g02_prii3_workspace-master/src/g02_prii3_turtlesim' with build type 'ament_python'
[1.466s] Level 1:colcon.colcon_core.shell:create_environment_hook('g02_prii3_turtlesim', 'ament_prefix_path')
[1.479s] INFO:colcon.colcon_core.plugin_system:Skipping extension 'colcon_core.shell.bat': Not used on non-Windows systems
[1.479s] INFO:colcon.colcon_core.shell:Creating environment hook '/home/laura/Escritorio/g02_prii3_workspace/g02_prii3_sprint1/g02_prii3_workspace-master/install/g02_prii3_turtlesim/share/g02_prii3_turtlesim/hook/ament_prefix_path.ps1'
[1.483s] INFO:colcon.colcon_core.shell:Creating environment descriptor '/home/laura/Escritorio/g02_prii3_workspace/g02_prii3_sprint1/g02_prii3_workspace-master/install/g02_prii3_turtlesim/share/g02_prii3_turtlesim/hook/ament_prefix_path.dsv'
[1.485s] INFO:colcon.colcon_core.shell:Creating environment hook '/home/laura/Escritorio/g02_prii3_workspace/g02_prii3_sprint1/g02_prii3_workspace-master/install/g02_prii3_turtlesim/share/g02_prii3_turtlesim/hook/ament_prefix_path.sh'
[1.487s] INFO:colcon.colcon_core.shell:Skip shell extension 'powershell' for command environment: Not usable outside of PowerShell
[1.487s] DEBUG:colcon.colcon_core.shell:Skip shell extension 'dsv' for command environment
[1.656s] INFO:colcon.colcon_core.task.python.build:Building Python package in '/home/laura/Escritorio/g02_prii3_workspace/g02_prii3_sprint1/g02_prii3_workspace-master/src/g02_prii3_turtlesim'
[1.656s] INFO:colcon.colcon_core.shell:Skip shell extension 'powershell' for command environment: Not usable outside of PowerShell
[1.657s] DEBUG:colcon.colcon_core.shell:Skip shell extension 'dsv' for command environment
[2.526s] DEBUG:colcon.colcon_core.event_handler.log_command:Invoking command in '/home/laura/Escritorio/g02_prii3_workspace/g02_prii3_sprint1/g02_prii3_workspace-master/src/g02_prii3_turtlesim': PYTHONPATH=/home/laura/Escritorio/g02_prii3_workspace/g02_prii3_sprint1/g02_prii3_workspace-master/build/g02_prii3_turtlesim/prefix_override:/usr/lib/python3/dist-packages/colcon_core/task/python/colcon_distutils_commands:/home/laura/Escritorio/g02_prii3_workspace/g02_prii3_sprint1/g02_prii3_workspace-master/install/g02_prii3_turtlesim/lib/python3.8/site-packages:${PYTHONPATH} /usr/bin/python3 -W ignore:setup.py install is deprecated -W ignore:easy_install command is deprecated setup.py egg_info --egg-base ../../build/g02_prii3_turtlesim build --build-base /home/laura/Escritorio/g02_prii3_workspace/g02_prii3_sprint1/g02_prii3_workspace-master/build/g02_prii3_turtlesim/build install --record /home/laura/Escritorio/g02_prii3_workspace/g02_prii3_sprint1/g02_prii3_workspace-master/build/g02_prii3_turtlesim/install.log --install-scripts $base/lib/g02_prii3_turtlesim --single-version-externally-managed install_data
[2.849s] DEBUG:colcon.colcon_core.event_handler.log_command:Invoked command in '/home/laura/Escritorio/g02_prii3_workspace/g02_prii3_sprint1/g02_prii3_workspace-master/src/g02_prii3_turtlesim' returned '0': PYTHONPATH=/home/laura/Escritorio/g02_prii3_workspace/g02_prii3_sprint1/g02_prii3_workspace-master/build/g02_prii3_turtlesim/prefix_override:/usr/lib/python3/dist-packages/colcon_core/task/python/colcon_distutils_commands:/home/laura/Escritorio/g02_prii3_workspace/g02_prii3_sprint1/g02_prii3_workspace-master/install/g02_prii3_turtlesim/lib/python3.8/site-packages:${PYTHONPATH} /usr/bin/python3 -W ignore:setup.py install is deprecated -W ignore:easy_install command is deprecated setup.py egg_info --egg-base ../../build/g02_prii3_turtlesim build --build-base /home/laura/Escritorio/g02_prii3_workspace/g02_prii3_sprint1/g02_prii3_workspace-master/build/g02_prii3_turtlesim/build install --record /home/laura/Escritorio/g02_prii3_workspace/g02_prii3_sprint1/g02_prii3_workspace-master/build/g02_prii3_turtlesim/install.log --install-scripts $base/lib/g02_prii3_turtlesim --single-version-externally-managed install_data
[2.862s] Level 1:colcon.colcon_core.environment:checking '/home/laura/Escritorio/g02_prii3_workspace/g02_prii3_sprint1/g02_prii3_workspace-master/install/g02_prii3_turtlesim' for CMake module files
[2.863s] Level 1:colcon.colcon_core.environment:checking '/home/laura/Escritorio/g02_prii3_workspace/g02_prii3_sprint1/g02_prii3_workspace-master/install/g02_prii3_turtlesim' for CMake config files
[2.865s] Level 1:colcon.colcon_core.environment:checking '/home/laura/Escritorio/g02_prii3_workspace/g02_prii3_sprint1/g02_prii3_workspace-master/install/g02_prii3_turtlesim/lib'
[2.865s] Level 1:colcon.colcon_core.environment:checking '/home/laura/Escritorio/g02_prii3_workspace/g02_prii3_sprint1/g02_prii3_workspace-master/install/g02_prii3_turtlesim/bin'
[2.865s] Level 1:colcon.colcon_core.environment:checking '/home/laura/Escritorio/g02_prii3_workspace/g02_prii3_sprint1/g02_prii3_workspace-master/install/g02_prii3_turtlesim/lib/pkgconfig/g02_prii3_turtlesim.pc'
[2.866s] Level 1:colcon.colcon_core.environment:checking '/home/laura/Escritorio/g02_prii3_workspace/g02_prii3_sprint1/g02_prii3_workspace-master/install/g02_prii3_turtlesim/lib/python3.8/site-packages'
[2.866s] Level 1:colcon.colcon_core.shell:create_environment_hook('g02_prii3_turtlesim', 'pythonpath')
[2.866s] INFO:colcon.colcon_core.shell:Creating environment hook '/home/laura/Escritorio/g02_prii3_workspace/g02_prii3_sprint1/g02_prii3_workspace-master/install/g02_prii3_turtlesim/share/g02_prii3_turtlesim/hook/pythonpath.ps1'
[2.867s] INFO:colcon.colcon_core.shell:Creating environment descriptor '/home/laura/Escritorio/g02_prii3_workspace/g02_prii3_sprint1/g02_prii3_workspace-master/install/g02_prii3_turtlesim/share/g02_prii3_turtlesim/hook/pythonpath.dsv'
[2.868s] INFO:colcon.colcon_core.shell:Creating environment hook '/home/laura/Escritorio/g02_prii3_workspace/g02_prii3_sprint1/g02_prii3_workspace-master/install/g02_prii3_turtlesim/share/g02_prii3_turtlesim/hook/pythonpath.sh'
[2.869s] Level 1:colcon.colcon_core.environment:checking '/home/laura/Escritorio/g02_prii3_workspace/g02_prii3_sprint1/g02_prii3_workspace-master/install/g02_prii3_turtlesim/bin'
[2.869s] Level 1:colcon.colcon_core.environment:create_environment_scripts_only(g02_prii3_turtlesim)
[2.869s] INFO:colcon.colcon_core.shell:Creating package script '/home/laura/Escritorio/g02_prii3_workspace/g02_prii3_sprint1/g02_prii3_workspace-master/install/g02_prii3_turtlesim/share/g02_prii3_turtlesim/package.ps1'
[2.871s] INFO:colcon.colcon_core.shell:Creating package descriptor '/home/laura/Escritorio/g02_prii3_workspace/g02_prii3_sprint1/g02_prii3_workspace-master/install/g02_prii3_turtlesim/share/g02_prii3_turtlesim/package.dsv'
[2.873s] INFO:colcon.colcon_core.shell:Creating package script '/home/laura/Escritorio/g02_prii3_workspace/g02_prii3_sprint1/g02_prii3_workspace-master/install/g02_prii3_turtlesim/share/g02_prii3_turtlesim/package.sh'
[2.874s] INFO:colcon.colcon_core.shell:Creating package script '/home/laura/Escritorio/g02_prii3_workspace/g02_prii3_sprint1/g02_prii3_workspace-master/install/g02_prii3_turtlesim/share/g02_prii3_turtlesim/package.bash'
[2.877s] INFO:colcon.colcon_core.shell:Creating package script '/home/laura/Escritorio/g02_prii3_workspace/g02_prii3_sprint1/g02_prii3_workspace-master/install/g02_prii3_turtlesim/share/g02_prii3_turtlesim/package.zsh'
[2.879s] Level 1:colcon.colcon_core.environment:create_file_with_runtime_dependencies(/home/laura/Escritorio/g02_prii3_workspace/g02_prii3_sprint1/g02_prii3_workspace-master/install/g02_prii3_turtlesim/share/colcon-core/packages/g02_prii3_turtlesim)
[2.880s] DEBUG:colcon.colcon_parallel_executor.executor.parallel:closing loop
[2.880s] DEBUG:colcon.colcon_parallel_executor.executor.parallel:loop closed
[2.880s] DEBUG:colcon.colcon_parallel_executor.executor.parallel:run_until_complete finished with '0'
[2.880s] DEBUG:colcon.colcon_core.event_reactor:joining thread
[2.891s] INFO:colcon.colcon_core.plugin_system:Skipping extension 'colcon_notification.desktop_notification.terminal_notifier': Not used on non-Darwin systems
[2.891s] INFO:colcon.colcon_core.plugin_system:Skipping extension 'colcon_notification.desktop_notification.win32': Not used on non-Windows systems
[2.891s] INFO:colcon.colcon_notification.desktop_notification:Sending desktop notification using 'notify2'
[2.916s] DEBUG:colcon.colcon_core.event_reactor:joined thread
[2.917s] INFO:colcon.colcon_core.shell:Creating prefix script '/home/laura/Escritorio/g02_prii3_workspace/g02_prii3_sprint1/g02_prii3_workspace-master/install/local_setup.ps1'
[2.919s] INFO:colcon.colcon_core.shell:Creating prefix util module '/home/laura/Escritorio/g02_prii3_workspace/g02_prii3_sprint1/g02_prii3_workspace-master/install/_local_setup_util_ps1.py'
[2.921s] INFO:colcon.colcon_core.shell:Creating prefix chain script '/home/laura/Escritorio/g02_prii3_workspace/g02_prii3_sprint1/g02_prii3_workspace-master/install/setup.ps1'
[2.923s] INFO:colcon.colcon_core.shell:Creating prefix script '/home/laura/Escritorio/g02_prii3_workspace/g02_prii3_sprint1/g02_prii3_workspace-master/install/local_setup.sh'
[2.925s] INFO:colcon.colcon_core.shell:Creating prefix util module '/home/laura/Escritorio/g02_prii3_workspace/g02_prii3_sprint1/g02_prii3_workspace-master/install/_local_setup_util_sh.py'
[2.925s] INFO:colcon.colcon_core.shell:Creating prefix chain script '/home/laura/Escritorio/g02_prii3_workspace/g02_prii3_sprint1/g02_prii3_workspace-master/install/setup.sh'
[2.927s] INFO:colcon.colcon_core.shell:Creating prefix script '/home/laura/Escritorio/g02_prii3_workspace/g02_prii3_sprint1/g02_prii3_workspace-master/install/local_setup.bash'
[2.929s] INFO:colcon.colcon_core.shell:Creating prefix chain script '/home/laura/Escritorio/g02_prii3_workspace/g02_prii3_sprint1/g02_prii3_workspace-master/install/setup.bash'
[2.930s] INFO:colcon.colcon_core.shell:Creating prefix script '/home/laura/Escritorio/g02_prii3_workspace/g02_prii3_sprint1/g02_prii3_workspace-master/install/local_setup.zsh'
[2.932s] INFO:colcon.colcon_core.shell:Creating prefix chain script '/home/laura/Escritorio/g02_prii3_workspace/g02_prii3_sprint1/g02_prii3_workspace-master/install/setup.zsh'
