[1.059s] Invoking command in '/home/laura/Escritorio/g02_prii3_workspace/g02_prii3_sprint1/g02_prii3_workspace-master/src/g02_prii3_turtlesim': PYTHONPATH=/home/laura/Escritorio/g02_prii3_workspace/g02_prii3_sprint1/g02_prii3_workspace-master/build/g02_prii3_turtlesim/prefix_override:/usr/lib/python3/dist-packages/colcon_core/task/python/colcon_distutils_commands:/home/laura/Escritorio/g02_prii3_workspace/g02_prii3_sprint1/g02_prii3_workspace-master/install/g02_prii3_turtlesim/lib/python3.8/site-packages:${PYTHONPATH} /usr/bin/python3 -W ignore:setup.py install is deprecated -W ignore:easy_install command is deprecated setup.py egg_info --egg-base ../../build/g02_prii3_turtlesim build --build-base /home/laura/Escritorio/g02_prii3_workspace/g02_prii3_sprint1/g02_prii3_workspace-master/build/g02_prii3_turtlesim/build install --record /home/laura/Escritorio/g02_prii3_workspace/g02_prii3_sprint1/g02_prii3_workspace-master/build/g02_prii3_turtlesim/install.log --install-scripts $base/lib/g02_prii3_turtlesim --single-version-externally-managed install_data
[1.260s] running egg_info
[1.261s] writing ../../build/g02_prii3_turtlesim/g02_prii3_turtlesim.egg-info/PKG-INFO
[1.262s] writing dependency_links to ../../build/g02_prii3_turtlesim/g02_prii3_turtlesim.egg-info/dependency_links.txt
[1.263s] writing entry points to ../../build/g02_prii3_turtlesim/g02_prii3_turtlesim.egg-info/entry_points.txt
[1.263s] writing requirements to ../../build/g02_prii3_turtlesim/g02_prii3_turtlesim.egg-info/requires.txt
[1.264s] writing top-level names to ../../build/g02_prii3_turtlesim/g02_prii3_turtlesim.egg-info/top_level.txt
[1.316s] reading manifest file '../../build/g02_prii3_turtlesim/g02_prii3_turtlesim.egg-info/SOURCES.txt'
[1.318s] writing manifest file '../../build/g02_prii3_turtlesim/g02_prii3_turtlesim.egg-info/SOURCES.txt'
[1.318s] running build
[1.318s] running build_py
[1.319s] running install
[1.320s] running install_lib
[1.323s] running install_data
[1.324s] running install_egg_info
[1.327s] removing '/home/laura/Escritorio/g02_prii3_workspace/g02_prii3_sprint1/g02_prii3_workspace-master/install/g02_prii3_turtlesim/lib/python3.8/site-packages/g02_prii3_turtlesim-0.0.0-py3.8.egg-info' (and everything under it)
[1.327s] Copying ../../build/g02_prii3_turtlesim/g02_prii3_turtlesim.egg-info to /home/laura/Escritorio/g02_prii3_workspace/g02_prii3_sprint1/g02_prii3_workspace-master/install/g02_prii3_turtlesim/lib/python3.8/site-packages/g02_prii3_turtlesim-0.0.0-py3.8.egg-info
[1.329s] running install_scripts
[1.353s] Installing turtle_controller script to /home/laura/Escritorio/g02_prii3_workspace/g02_prii3_sprint1/g02_prii3_workspace-master/install/g02_prii3_turtlesim/lib/g02_prii3_turtlesim
[1.353s] writing list of installed files to '/home/laura/Escritorio/g02_prii3_workspace/g02_prii3_sprint1/g02_prii3_workspace-master/build/g02_prii3_turtlesim/install.log'
[1.383s] Invoked command in '/home/laura/Escritorio/g02_prii3_workspace/g02_prii3_sprint1/g02_prii3_workspace-master/src/g02_prii3_turtlesim' returned '0': PYTHONPATH=/home/laura/Escritorio/g02_prii3_workspace/g02_prii3_sprint1/g02_prii3_workspace-master/build/g02_prii3_turtlesim/prefix_override:/usr/lib/python3/dist-packages/colcon_core/task/python/colcon_distutils_commands:/home/laura/Escritorio/g02_prii3_workspace/g02_prii3_sprint1/g02_prii3_workspace-master/install/g02_prii3_turtlesim/lib/python3.8/site-packages:${PYTHONPATH} /usr/bin/python3 -W ignore:setup.py install is deprecated -W ignore:easy_install command is deprecated setup.py egg_info --egg-base ../../build/g02_prii3_turtlesim build --build-base /home/laura/Escritorio/g02_prii3_workspace/g02_prii3_sprint1/g02_prii3_workspace-master/build/g02_prii3_turtlesim/build install --record /home/laura/Escritorio/g02_prii3_workspace/g02_prii3_sprint1/g02_prii3_workspace-master/build/g02_prii3_turtlesim/install.log --install-scripts $base/lib/g02_prii3_turtlesim --single-version-externally-managed install_data
