[0.779s] Invoking command in '/home/laura/Descargas/g02_prii3_workspace-master(1)/g02_prii3_workspace-master/src/g02_prii3_turtlesim': PYTHONPATH=/home/laura/Descargas/g02_prii3_workspace-master(1)/build/g02_prii3_turtlesim/prefix_override:/usr/lib/python3/dist-packages/colcon_core/task/python/colcon_distutils_commands:/home/laura/Descargas/g02_prii3_workspace-master(1)/install/g02_prii3_turtlesim/lib/python3.8/site-packages:${PYTHONPATH} /usr/bin/python3 -W ignore:setup.py install is deprecated -W ignore:easy_install command is deprecated setup.py egg_info --egg-base ../../../build/g02_prii3_turtlesim build --build-base /home/laura/Descargas/g02_prii3_workspace-master(1)/build/g02_prii3_turtlesim/build install --record /home/laura/Descargas/g02_prii3_workspace-master(1)/build/g02_prii3_turtlesim/install.log --install-scripts $base/lib/g02_prii3_turtlesim --single-version-externally-managed install_data
[0.945s] running egg_info
[0.945s] writing ../../../build/g02_prii3_turtlesim/g02_prii3_turtlesim.egg-info/PKG-INFO
[0.946s] writing dependency_links to ../../../build/g02_prii3_turtlesim/g02_prii3_turtlesim.egg-info/dependency_links.txt
[0.952s] writing entry points to ../../../build/g02_prii3_turtlesim/g02_prii3_turtlesim.egg-info/entry_points.txt
[0.953s] writing requirements to ../../../build/g02_prii3_turtlesim/g02_prii3_turtlesim.egg-info/requires.txt
[0.953s] writing top-level names to ../../../build/g02_prii3_turtlesim/g02_prii3_turtlesim.egg-info/top_level.txt
[0.996s] reading manifest file '../../../build/g02_prii3_turtlesim/g02_prii3_turtlesim.egg-info/SOURCES.txt'
[0.997s] writing manifest file '../../../build/g02_prii3_turtlesim/g02_prii3_turtlesim.egg-info/SOURCES.txt'
[0.997s] running build
[0.997s] running build_py
[0.999s] copying g02_prii3_turtlesim/turtle_controller.py -> /home/laura/Descargas/g02_prii3_workspace-master(1)/build/g02_prii3_turtlesim/build/lib/g02_prii3_turtlesim
[0.999s] running install
[1.000s] running install_lib
[1.001s] copying /home/laura/Descargas/g02_prii3_workspace-master(1)/build/g02_prii3_turtlesim/build/lib/g02_prii3_turtlesim/turtle_controller.py -> /home/laura/Descargas/g02_prii3_workspace-master(1)/install/g02_prii3_turtlesim/lib/python3.8/site-packages/g02_prii3_turtlesim
[1.002s] byte-compiling /home/laura/Descargas/g02_prii3_workspace-master(1)/install/g02_prii3_turtlesim/lib/python3.8/site-packages/g02_prii3_turtlesim/turtle_controller.py to turtle_controller.cpython-38.pyc
[1.003s] running install_data
[1.003s] Sorry: TabError: inconsistent use of tabs and spaces in indentation (turtle_controller.py, line 40)
[1.003s] running install_egg_info
[1.005s] removing '/home/laura/Descargas/g02_prii3_workspace-master(1)/install/g02_prii3_turtlesim/lib/python3.8/site-packages/g02_prii3_turtlesim-0.0.0-py3.8.egg-info' (and everything under it)
[1.005s] Copying ../../../build/g02_prii3_turtlesim/g02_prii3_turtlesim.egg-info to /home/laura/Descargas/g02_prii3_workspace-master(1)/install/g02_prii3_turtlesim/lib/python3.8/site-packages/g02_prii3_turtlesim-0.0.0-py3.8.egg-info
[1.006s] running install_scripts
[1.019s] Installing turtle_controller script to /home/laura/Descargas/g02_prii3_workspace-master(1)/install/g02_prii3_turtlesim/lib/g02_prii3_turtlesim
[1.019s] writing list of installed files to '/home/laura/Descargas/g02_prii3_workspace-master(1)/build/g02_prii3_turtlesim/install.log'
[1.035s] Invoked command in '/home/laura/Descargas/g02_prii3_workspace-master(1)/g02_prii3_workspace-master/src/g02_prii3_turtlesim' returned '0': PYTHONPATH=/home/laura/Descargas/g02_prii3_workspace-master(1)/build/g02_prii3_turtlesim/prefix_override:/usr/lib/python3/dist-packages/colcon_core/task/python/colcon_distutils_commands:/home/laura/Descargas/g02_prii3_workspace-master(1)/install/g02_prii3_turtlesim/lib/python3.8/site-packages:${PYTHONPATH} /usr/bin/python3 -W ignore:setup.py install is deprecated -W ignore:easy_install command is deprecated setup.py egg_info --egg-base ../../../build/g02_prii3_turtlesim build --build-base /home/laura/Descargas/g02_prii3_workspace-master(1)/build/g02_prii3_turtlesim/build install --record /home/laura/Descargas/g02_prii3_workspace-master(1)/build/g02_prii3_turtlesim/install.log --install-scripts $base/lib/g02_prii3_turtlesim --single-version-externally-managed install_data
